<?xml version="1.0" encoding="UTF-8"?>
<testng-results ignored="0" total="1" passed="1" failed="0" skipped="0">
  <reporter-output>
  </reporter-output>
  <suite started-at="2024-02-24T15:44:51Z" name="Default suite" finished-at="2024-02-24T15:44:53Z" duration-ms="2118">
    <groups>
    </groups>
    <test started-at="2024-02-24T15:44:51Z" name="Default test" finished-at="2024-02-24T15:44:53Z" duration-ms="2118">
      <class name="loginTestCases.TC06_LoginExcelData">
        <test-method is-config="true" signature="startWebDriver()[pri:0, instance:loginTestCases.TC06_LoginExcelData@7f02251]" started-at="2024-02-24T10:44:51Z" name="startWebDriver" finished-at="2024-02-24T10:44:52Z" duration-ms="997" status="PASS">
          <reporter-output>
          </reporter-output>
        </test-method> <!-- startWebDriver -->
        <test-method signature="TC06()[pri:0, instance:loginTestCases.TC06_LoginExcelData@7f02251]" started-at="2024-02-24T10:44:52Z" name="TC06" finished-at="2024-02-24T10:44:53Z" duration-ms="1094" status="PASS">
          <reporter-output>
          </reporter-output>
        </test-method> <!-- TC06 -->
        <test-method is-config="true" signature="closeDriver()[pri:0, instance:loginTestCases.TC06_LoginExcelData@7f02251]" started-at="2024-02-24T10:44:53Z" name="closeDriver" finished-at="2024-02-24T10:44:53Z" duration-ms="0" status="PASS">
          <reporter-output>
          </reporter-output>
        </test-method> <!-- closeDriver -->
      </class> <!-- loginTestCases.TC06_LoginExcelData -->
    </test> <!-- Default test -->
  </suite> <!-- Default suite -->
</testng-results>
