<?xml version="1.0" encoding="UTF-8"?>
<testng-results ignored="0" total="3" passed="3" failed="0" skipped="0">
  <reporter-output>
  </reporter-output>
  <suite started-at="2024-02-17T16:56:17Z" name="RegressionAutomatedQA" finished-at="2024-02-17T16:56:22Z" duration-ms="5010">
    <groups>
    </groups>
    <test started-at="2024-02-17T16:56:17Z" name="TC01_Login" finished-at="2024-02-17T16:56:19Z" duration-ms="1804">
      <class name="loginTestCases.TC01_Login">
        <test-method is-config="true" signature="startWebDriver()[pri:0, instance:loginTestCases.TC01_Login@44f3fe83]" started-at="2024-02-17T11:56:17Z" name="startWebDriver" finished-at="2024-02-17T11:56:18Z" duration-ms="786" status="PASS">
          <reporter-output>
          </reporter-output>
        </test-method> <!-- startWebDriver -->
        <test-method signature="TC01()[pri:0, instance:loginTestCases.TC01_Login@44f3fe83]" started-at="2024-02-17T11:56:18Z" name="TC01" finished-at="2024-02-17T11:56:18Z" duration-ms="438" status="PASS">
          <reporter-output>
          </reporter-output>
        </test-method> <!-- TC01 -->
        <test-method is-config="true" signature="closeDriver()[pri:0, instance:loginTestCases.TC01_Login@44f3fe83]" started-at="2024-02-17T11:56:18Z" name="closeDriver" finished-at="2024-02-17T11:56:19Z" duration-ms="545" status="PASS">
          <reporter-output>
          </reporter-output>
        </test-method> <!-- closeDriver -->
      </class> <!-- loginTestCases.TC01_Login -->
    </test> <!-- TC01_Login -->
    <test started-at="2024-02-17T16:56:19Z" name="TC02_LoginLockedUser" finished-at="2024-02-17T16:56:20Z" duration-ms="1431">
      <class name="loginTestCases.TC02_LoginLockedUser">
        <test-method is-config="true" signature="startWebDriver()[pri:0, instance:loginTestCases.TC02_LoginLockedUser@6a9d5dff]" started-at="2024-02-17T11:56:19Z" name="startWebDriver" finished-at="2024-02-17T11:56:20Z" duration-ms="641" status="PASS">
          <reporter-output>
          </reporter-output>
        </test-method> <!-- startWebDriver -->
        <test-method signature="TC02()[pri:0, instance:loginTestCases.TC02_LoginLockedUser@6a9d5dff]" started-at="2024-02-17T11:56:20Z" name="TC02" finished-at="2024-02-17T11:56:20Z" duration-ms="414" status="PASS">
          <reporter-output>
          </reporter-output>
        </test-method> <!-- TC02 -->
        <test-method is-config="true" signature="closeDriver()[pri:0, instance:loginTestCases.TC02_LoginLockedUser@6a9d5dff]" started-at="2024-02-17T11:56:20Z" name="closeDriver" finished-at="2024-02-17T11:56:20Z" duration-ms="373" status="PASS">
          <reporter-output>
          </reporter-output>
        </test-method> <!-- closeDriver -->
      </class> <!-- loginTestCases.TC02_LoginLockedUser -->
    </test> <!-- TC02_LoginLockedUser -->
    <test started-at="2024-02-17T16:56:20Z" name="TC03_VerifyRemoveButton" finished-at="2024-02-17T16:56:22Z" duration-ms="1702">
      <class name="inventory.TC03_VerifyRemoveButton">
        <test-method is-config="true" signature="startWebDriver()[pri:0, instance:inventory.TC03_VerifyRemoveButton@6293e39e]" started-at="2024-02-17T11:56:20Z" name="startWebDriver" finished-at="2024-02-17T11:56:21Z" duration-ms="719" status="PASS">
          <reporter-output>
          </reporter-output>
        </test-method> <!-- startWebDriver -->
        <test-method signature="TC03()[pri:0, instance:inventory.TC03_VerifyRemoveButton@6293e39e]" started-at="2024-02-17T11:56:21Z" name="TC03" finished-at="2024-02-17T11:56:22Z" duration-ms="555" status="PASS">
          <reporter-output>
          </reporter-output>
        </test-method> <!-- TC03 -->
        <test-method is-config="true" signature="closeDriver()[pri:0, instance:inventory.TC03_VerifyRemoveButton@6293e39e]" started-at="2024-02-17T11:56:22Z" name="closeDriver" finished-at="2024-02-17T11:56:22Z" duration-ms="422" status="PASS">
          <reporter-output>
          </reporter-output>
        </test-method> <!-- closeDriver -->
      </class> <!-- inventory.TC03_VerifyRemoveButton -->
    </test> <!-- TC03_VerifyRemoveButton -->
  </suite> <!-- RegressionAutomatedQA -->
</testng-results>
